# JRE version: Java(TM) SE Runtime Environment (8.0_25-b17) (build 1.8.0_25-b17)
# Java VM: Java HotSpot(TM) 64-Bit Server VM (25.25-b02 mixed mode linux-amd64 compressed oops)
Heap:
 PSYoungGen      total 18432K, used 17990K [0x00000000eb600000, 0x00000000ed680000, 0x0000000100000000)
  eden space 15872K, 99% used [0x00000000eb600000,0x00000000ec55a198,0x00000000ec580000)
  from space 2560K, 88% used [0x00000000ec580000,0x00000000ec7b7810,0x00000000ec800000)
  to   space 5632K, 0% used [0x00000000ed100000,0x00000000ed100000,0x00000000ed680000)
 ParOldGen       total 35840K, used 7616K [0x00000000c2200000, 0x00000000c4500000, 0x00000000eb600000)
  object space 35840K, 21% used [0x00000000c2200000,0x00000000c2970070,0x00000000c4500000)
 Metaspace       used 22807K, capacity 24242K, committed 24320K, reserved 1071104K
  class space    used 3351K, capacity 3570K, committed 3584K, reserved 1048576K
GC Heap History (10 events):
Event: 14,507 GC heap before
{Heap before GC invocations=2 (full 0):
 PSYoungGen      total 18432K, used 18400K [0x00000000eb600000, 0x00000000eca80000, 0x0000000100000000)
  eden space 15872K, 100% used [0x00000000eb600000,0x00000000ec580000,0x00000000ec580000)
  from space 2560K, 98% used [0x00000000ec580000,0x00000000ec7f8050,0x00000000ec800000)
  to   space 2560K, 0% used [0x00000000ec800000,0x00000000ec800000,0x00000000eca80000)
 ParOldGen       total 42496K, used 549K [0x00000000c2200000, 0x00000000c4b80000, 0x00000000eb600000)
  object space 42496K, 1% used [0x00000000c2200000,0x00000000c2289408,0x00000000c4b80000)
 Metaspace       used 15186K, capacity 15844K, committed 16000K, reserved 1062912K
  class space    used 2274K, capacity 2426K, committed 2432K, reserved 1048576K
Event: 14,531 GC heap after
Heap after GC invocations=2 (full 0):
 PSYoungGen      total 18432K, used 2555K [0x00000000eb600000, 0x00000000eca80000, 0x0000000100000000)
  eden space 15872K, 0% used [0x00000000eb600000,0x00000000eb600000,0x00000000ec580000)
  from space 2560K, 99% used [0x00000000ec800000,0x00000000eca7ec60,0x00000000eca80000)
  to   space 2560K, 0% used [0x00000000ec580000,0x00000000ec580000,0x00000000ec800000)
 ParOldGen       total 42496K, used 2691K [0x00000000c2200000, 0x00000000c4b80000, 0x00000000eb600000)
  object space 42496K, 6% used [0x00000000c2200000,0x00000000c24a0f48,0x00000000c4b80000)
 Metaspace       used 15186K, capacity 15844K, committed 16000K, reserved 1062912K
  class space    used 2274K, capacity 2426K, committed 2432K, reserved 1048576K
}
Event: 17,225 GC heap before
{Heap before GC invocations=3 (full 0):
 PSYoungGen      total 18432K, used 18427K [0x00000000eb600000, 0x00000000eca80000, 0x0000000100000000)
  eden space 15872K, 100% used [0x00000000eb600000,0x00000000ec580000,0x00000000ec580000)
  from space 2560K, 99% used [0x00000000ec800000,0x00000000eca7ec60,0x00000000eca80000)
  to   space 2560K, 0% used [0x00000000ec580000,0x00000000ec580000,0x00000000ec800000)
 ParOldGen       total 42496K, used 2691K [0x00000000c2200000, 0x00000000c4b80000, 0x00000000eb600000)
  object space 42496K, 6% used [0x00000000c2200000,0x00000000c24a0f48,0x00000000c4b80000)
 Metaspace       used 19626K, capacity 20592K, committed 20864K, reserved 1067008K
  class space    used 2944K, capacity 3155K, committed 3200K, reserved 1048576K
Event: 17,254 GC heap after
Heap after GC invocations=3 (full 0):
 PSYoungGen      total 18432K, used 2539K [0x00000000eb600000, 0x00000000eca80000, 0x0000000100000000)
  eden space 15872K, 0% used [0x00000000eb600000,0x00000000eb600000,0x00000000ec580000)
  from space 2560K, 99% used [0x00000000ec580000,0x00000000ec7fac70,0x00000000ec800000)
  to   space 2560K, 0% used [0x00000000ec800000,0x00000000ec800000,0x00000000eca80000)
 ParOldGen       total 42496K, used 4648K [0x00000000c2200000, 0x00000000c4b80000, 0x00000000eb600000)
  object space 42496K, 10% used [0x00000000c2200000,0x00000000c268a118,0x00000000c4b80000)
 Metaspace       used 19626K, capacity 20592K, committed 20864K, reserved 1067008K
  class space    used 2944K, capacity 3155K, committed 3200K, reserved 1048576K
}
Event: 17,919 GC heap before
{Heap before GC invocations=4 (full 0):
 PSYoungGen      total 18432K, used 5444K [0x00000000eb600000, 0x00000000eca80000, 0x0000000100000000)
  eden space 15872K, 18% used [0x00000000eb600000,0x00000000eb8d6638,0x00000000ec580000)
  from space 2560K, 99% used [0x00000000ec580000,0x00000000ec7fac70,0x00000000ec800000)
  to   space 2560K, 0% used [0x00000000ec800000,0x00000000ec800000,0x00000000eca80000)
 ParOldGen       total 42496K, used 4648K [0x00000000c2200000, 0x00000000c4b80000, 0x00000000eb600000)
  object space 42496K, 10% used [0x00000000c2200000,0x00000000c268a118,0x00000000c4b80000)
 Metaspace       used 20066K, capacity 21184K, committed 21248K, reserved 1067008K
  class space    used 3028K, capacity 3265K, committed 3328K, reserved 1048576K
Event: 17,938 GC heap after
Heap after GC invocations=4 (full 0):
 PSYoungGen      total 18432K, used 2539K [0x00000000eb600000, 0x00000000eda00000, 0x0000000100000000)
  eden space 15872K, 0% used [0x00000000eb600000,0x00000000eb600000,0x00000000ec580000)
  from space 2560K, 99% used [0x00000000ec800000,0x00000000eca7ac70,0x00000000eca80000)
  to   space 2560K, 0% used [0x00000000ec580000,0x00000000ec580000,0x00000000ec800000)
 ParOldGen       total 42496K, used 5320K [0x00000000c2200000, 0x00000000c4b80000, 0x00000000eb600000)
  object space 42496K, 12% used [0x00000000c2200000,0x00000000c2732118,0x00000000c4b80000)
 Metaspace       used 20066K, capacity 21184K, committed 21248K, reserved 1067008K
  class space    used 3028K, capacity 3265K, committed 3328K, reserved 1048576K
}
Event: 17,939 GC heap before
{Heap before GC invocations=5 (full 1):
 PSYoungGen      total 18432K, used 2539K [0x00000000eb600000, 0x00000000eda00000, 0x0000000100000000)
  eden space 15872K, 0% used [0x00000000eb600000,0x00000000eb600000,0x00000000ec580000)
  from space 2560K, 99% used [0x00000000ec800000,0x00000000eca7ac70,0x00000000eca80000)
  to   space 2560K, 0% used [0x00000000ec580000,0x00000000ec580000,0x00000000ec800000)
 ParOldGen       total 42496K, used 5320K [0x00000000c2200000, 0x00000000c4b80000, 0x00000000eb600000)
  object space 42496K, 12% used [0x00000000c2200000,0x00000000c2732118,0x00000000c4b80000)
 Metaspace       used 20066K, capacity 21184K, committed 21248K, reserved 1067008K
  class space    used 3028K, capacity 3265K, committed 3328K, reserved 1048576K
Event: 18,211 GC heap after
Heap after GC invocations=5 (full 1):
 PSYoungGen      total 18432K, used 0K [0x00000000eb600000, 0x00000000eda00000, 0x0000000100000000)
  eden space 15872K, 0% used [0x00000000eb600000,0x00000000eb600000,0x00000000ec580000)
  from space 2560K, 0% used [0x00000000ec800000,0x00000000ec800000,0x00000000eca80000)
  to   space 2560K, 0% used [0x00000000ec580000,0x00000000ec580000,0x00000000ec800000)
 ParOldGen       total 35840K, used 7608K [0x00000000c2200000, 0x00000000c4500000, 0x00000000eb600000)
  object space 35840K, 21% used [0x00000000c2200000,0x00000000c296e070,0x00000000c4500000)
 Metaspace       used 20065K, capacity 21182K, committed 21248K, reserved 1067008K
  class space    used 3027K, capacity 3264K, committed 3328K, reserved 1048576K
}
Event: 23,573 GC heap before
{Heap before GC invocations=6 (full 1):
 PSYoungGen      total 18432K, used 15872K [0x00000000eb600000, 0x00000000eda00000, 0x0000000100000000)
  eden space 15872K, 100% used [0x00000000eb600000,0x00000000ec580000,0x00000000ec580000)
  from space 2560K, 0% used [0x00000000ec800000,0x00000000ec800000,0x00000000eca80000)
  to   space 2560K, 0% used [0x00000000ec580000,0x00000000ec580000,0x00000000ec800000)
 ParOldGen       total 35840K, used 7608K [0x00000000c2200000, 0x00000000c4500000, 0x00000000eb600000)
  object space 35840K, 21% used [0x00000000c2200000,0x00000000c296e070,0x00000000c4500000)
 Metaspace       used 21620K, capacity 22868K, committed 23168K, reserved 1069056K
  class space    used 3185K, capacity 3409K, committed 3456K, reserved 1048576K
Event: 23,586 GC heap after
Heap after GC invocations=6 (full 1):
 PSYoungGen      total 18432K, used 2270K [0x00000000eb600000, 0x00000000ed680000, 0x0000000100000000)
  eden space 15872K, 0% used [0x00000000eb600000,0x00000000eb600000,0x00000000ec580000)
  from space 2560K, 88% used [0x00000000ec580000,0x00000000ec7b7810,0x00000000ec800000)
  to   space 5632K, 0% used [0x00000000ed100000,0x00000000ed100000,0x00000000ed680000)
 ParOldGen       total 35840K, used 7616K [0x00000000c2200000, 0x00000000c4500000, 0x00000000eb600000)
  object space 35840K, 21% used [0x00000000c2200000,0x00000000c2970070,0x00000000c4500000)
 Metaspace       used 21620K, capacity 22868K, committed 23168K, reserved 1069056K
  class space    used 3185K, capacity 3409K, committed 3456K, reserved 1048576K
}

